
----------------------2022/12/17 11:08:18 --------------------------
在使用 ItemsSource 之前，项集合必须为空。

   在 System.Windows.Controls.ItemCollection.SetItemsSource(IEnumerable value, Func`2 GetSourceItem)
   在 System.Windows.Controls.ItemsControl.OnItemsSourceChanged(DependencyObject d, DependencyPropertyChangedEventArgs e)
   在 System.Windows.DependencyObject.OnPropertyChanged(DependencyPropertyChangedEventArgs e)
   在 System.Windows.FrameworkElement.OnPropertyChanged(DependencyPropertyChangedEventArgs e)
   在 System.Windows.DependencyObject.NotifyPropertyChange(DependencyPropertyChangedEventArgs args)
   在 System.Windows.DependencyObject.UpdateEffectiveValue(EntryIndex entryIndex, DependencyProperty dp, PropertyMetadata metadata, EffectiveValueEntry oldEntry, EffectiveValueEntry& newEntry, Boolean coerceWithDeferredReference, Boolean coerceWithCurrentValue, OperationType operationType)
   在 System.Windows.DependencyObject.SetValueCommon(DependencyProperty dp, Object value, PropertyMetadata metadata, Boolean coerceWithDeferredReference, Boolean coerceWithCurrentValue, OperationType operationType, Boolean isInternal)
   在 System.Windows.Controls.ItemsControl.set_ItemsSource(IEnumerable value)
   在 Dictation.MainWindow.<>c__DisplayClass30_0.<Button_Main_Click>b__2() 位置 C:\ProGram Dev\XHomeworkHelper\MainWindow.xaml.cs:行号 308
   在 System.Windows.Threading.DispatcherOperation.InvokeDelegateCore()
   在 System.Windows.Threading.DispatcherOperation.InvokeImpl()
--- 引发异常的上一位置中堆栈跟踪的末尾 ---
   在 System.Runtime.CompilerServices.TaskAwaiter.ThrowForNonSuccess(Task task)
   在 System.Runtime.CompilerServices.TaskAwaiter.HandleNonSuccessAndDebuggerNotification(Task task)
   在 Dictation.MainWindow.<>c__DisplayClass30_0.<<Button_Main_Click>b__0>d.MoveNext() 位置 C:\ProGram Dev\XHomeworkHelper\MainWindow.xaml.cs:行号 297
--- 引发异常的上一位置中堆栈跟踪的末尾 ---
   在 System.Runtime.CompilerServices.AsyncMethodBuilderCore.<>c.<ThrowAsync>b__6_1(Object state)
   在 System.Threading.QueueUserWorkItemCallback.WaitCallback_Context(Object state)
   在 System.Threading.ExecutionContext.RunInternal(ExecutionContext executionContext, ContextCallback callback, Object state, Boolean preserveSyncCtx)
   在 System.Threading.ExecutionContext.Run(ExecutionContext executionContext, ContextCallback callback, Object state, Boolean preserveSyncCtx)
   在 System.Threading.QueueUserWorkItemCallback.System.Threading.IThreadPoolWorkItem.ExecuteWorkItem()
   在 System.Threading.ThreadPoolWorkQueue.Dispatch()
   在 System.Threading._ThreadPoolWaitCallback.PerformWaitCallback()
----------------------footer--------------------------
